

Starting up. 20:17.08
---------------------

[20:17:14] ADMIN: Loading jobban_rank
[20:17:14] ADMIN: Jobban_keylist was empty
[20:17:14] ADMIN: Updating jobbanfile!
[20:17:14] ADMIN: Loading oocban_rank
[20:17:14] ADMIN: oocban_keylist was empty
[20:17:14] ADMIN: Updating jobbanfile!
ADMIN: slurm = Host
ADMIN: gibbed = Host
ADMIN: stuntwaffle = Host
ADMIN: pantaloons = Host
ADMIN: darsant = Host
ADMIN: nannek = Host
ADMIN: exadv1 = Coder
ADMIN: 0staf = Coder
ADMIN: justicefries = Coder
ADMIN: eroticdad = Coder
ADMIN: angriestibm = Coder
ADMIN: hobnob = Coder
ADMIN: enallyniv = Coder
ADMIN: lallander = Coder
ADMIN: keelin = Coder
ADMIN: brianoblivion = Coder
ADMIN: arthurmuggins = Coder
ADMIN: isaidno = Coder
ADMIN: mport2004 = Coder
ADMIN: burntcornmuffin = Coder
ADMIN: ishallriseagain = Coder
ADMIN: lljkmosheninkov = Coder
ADMIN: dropsy = Coder
ADMIN: procitizensa = Coder
ADMIN: drmelon = Coder
ADMIN: halerina = Coder
ADMIN: pacra = Coder
ADMIN: jackmassacre = Coder
ADMIN: jackbox = Coder
ADMIN: infinitemonkeys = Coder
ADMIN: aphtonites = Coder
ADMIN: volundr = Coder
ADMIN: wirewraith = Coder
ADMIN: tobba = Coder
ADMIN: marquesas = Coder
ADMIN: hainesa = Coder
ADMIN: tom = Coder
ADMIN: herrspyguy = Coder
ADMIN: daeren = Coder
ADMIN: conor12 = Coder
ADMIN: convair880 = Coder
[20:18:05] ACCESS: Login: Powmonkey from 127.0.0.1


Starting up. 21:01.55
---------------------

[21:02:01] ADMIN: Loading jobban_rank
[21:02:01] ADMIN: Jobban_keylist was empty
[21:02:01] ADMIN: Updating jobbanfile!
[21:02:01] ADMIN: Loading oocban_rank
[21:02:01] ADMIN: oocban_keylist was empty
[21:02:01] ADMIN: Updating jobbanfile!
ADMIN: slurm = Host
ADMIN: gibbed = Host
ADMIN: stuntwaffle = Host
ADMIN: pantaloons = Host
ADMIN: darsant = Host
ADMIN: nannek = Host
ADMIN: exadv1 = Coder
ADMIN: 0staf = Coder
ADMIN: justicefries = Coder
ADMIN: eroticdad = Coder
ADMIN: angriestibm = Coder
ADMIN: hobnob = Coder
ADMIN: enallyniv = Coder
ADMIN: lallander = Coder
ADMIN: keelin = Coder
ADMIN: brianoblivion = Coder
ADMIN: arthurmuggins = Coder
ADMIN: isaidno = Coder
ADMIN: mport2004 = Coder
ADMIN: burntcornmuffin = Coder
ADMIN: ishallriseagain = Coder
ADMIN: lljkmosheninkov = Coder
ADMIN: dropsy = Coder
ADMIN: procitizensa = Coder
ADMIN: drmelon = Coder
ADMIN: halerina = Coder
ADMIN: pacra = Coder
ADMIN: jackmassacre = Coder
ADMIN: jackbox = Coder
ADMIN: infinitemonkeys = Coder
ADMIN: aphtonites = Coder
ADMIN: volundr = Coder
ADMIN: wirewraith = Coder
ADMIN: tobba = Coder
ADMIN: marquesas = Coder
ADMIN: hainesa = Coder
ADMIN: tom = Coder
ADMIN: herrspyguy = Coder
ADMIN: daeren = Coder
ADMIN: conor12 = Coder
ADMIN: convair880 = Coder
ADMIN: powmonkey = Coder
[21:03:19] ACCESS: Login: Powmonkey from 127.0.0.1
[21:04:11] ADMIN: Powmonkey [DEAD] has started the game.
[21:04:11] ACCESS: Login: Chase Ann (Powmonkey) [TRAITOR] from 127.0.0.1
[21:04:27] ADMIN: Chase Ann (Powmonkey) [TRAITOR] clownified Chase Ann (Powmonkey) [TRAITOR]
[21:04:33] SAY: cluwne (Powmonkey) [TRAITOR] : HONK HONK HONK HONK HONK HONK HONK HONK!
[21:04:35] SAY: cluwne (Powmonkey) [TRAITOR] : HONK HONK!
[21:04:40] SAY: cluwne (Powmonkey) [TRAITOR] : HONK HONK HONK!
[21:04:50] ADMIN: cluwne (Powmonkey) [TRAITOR] has toggled their nodamage to On
[21:05:02] ADMIN: cluwne (Powmonkey) [TRAITOR] has toggled their nodamage to Off
[21:05:28] SAY: Shitty Bill (NPC) : Got a light, dingus?
[21:05:56] SAY: Father Jack (NPC) : GIRLS!
[21:06:44] SAY: Father Jack (NPC) : That would be an ecumenical matter.
[21:06:54] ACCESS: Login: Chase Ann (Powmonkey) [TRAITOR] from 127.0.0.1
[21:06:54] SAY: Father Jack (NPC) : DRINK!
[21:07:16] ADMIN: Chase Ann (Powmonkey) [TRAITOR] toggled respawn to On.
[21:07:23] ACCESS: Login: Chase Ann (Powmonkey) [TRAITOR] [DEAD] from 127.0.0.1
[21:07:28] GAME: Chase Ann (Powmonkey) [TRAITOR] [DEAD] used abandon mob.
[21:07:28] ACCESS: Login: Powmonkey [DEAD] from 127.0.0.1
[21:07:28] ACCESS: Login: Powmonkey [DEAD] from 127.0.0.1
[21:07:32] ACCESS: Login: Chase Ann (Powmonkey) from 127.0.0.1
[21:07:45] ADMIN: Chase Ann the Clown (Powmonkey) healed / revived Chase Ann the Clown (Powmonkey)
[21:07:50] ADMIN: Chase Ann the Clown (Powmonkey) has toggled their nodamage to On
[21:08:16] ADMIN: Chase Ann the Clown (Powmonkey) created a /obj/machinery/bot/secbot/commissar
[21:08:36] ADMIN: Chase Ann the Clown (Powmonkey) modified Commissar Beepevich's emagged to 2
[21:08:55] SAY: Father Jack (NPC) : ARSE!
[21:09:11] ADMIN: Chase Ann the Clown (Powmonkey) healed / revived Chase Ann the Clown (Powmonkey)
[21:09:29] SAY: Shitty Bill (NPC) : Hey chump, gimme yer drugs.
[21:10:03] ADMIN: Chase Ann the Clown (Powmonkey) clownified Chase Ann the Clown (Powmonkey)
[21:10:50] ACCESS: Login: Chase Ann (Powmonkey) from 127.0.0.1
[21:10:56] ADMIN: Chase Ann (Powmonkey) has toggled their nodamage to On
[21:11:12] SAY: Shitty Bill (NPC) : 'Ey, it's Donald "Don" Glabs.
[21:11:15] ADMIN: Chase Ann (Powmonkey) created a /mob/living/carbon/human/cluwne
[21:11:17] SAY: cluwne (NPC) : HONK HONK HONK!
[21:11:26] SAY: Shitty Bill (NPC) : Hey dweeb, gimme yer cats.
[21:11:33] SAY: cluwne (NPC) : HONK HONK HONK HONK HONK HONK HONK HONK!
[21:11:36] SAY: cluwne (NPC) : HONK HONK! - HOOOOOONNNKKK!!!
[21:11:48] SAY: cluwne (NPC) : HONK HONK HONK HONK HONK HONK HONK HONK!
[21:12:06] ADMIN: Chase Ann (Powmonkey) created a /obj/item/artifact/melee_weapon
[21:12:18] SAY: cluwne (NPC) : HONK HONK HONK HONK HONK HONK HONK HONK!
[21:12:25] SAY: cluwne (NPC) : HONK HONK!
[21:12:38] ADMIN: Chase Ann (Powmonkey) modified [0x2101531c] (/datum/artifact/melee)'s activated to 1
[21:12:46] SAY: Shitty Bill (NPC) : Hey, gimme yer keys.
[21:12:48] ADMIN: Chase Ann (Powmonkey) modified [0x2101531c] (/datum/artifact/melee)'s automatic_activation to 1
[21:12:54] ADMIN: Chase Ann (Powmonkey) modified [0x2101531c] (/datum/artifact/melee)'s deadly to 1
[21:13:14] SAY: cluwne (NPC) : HONK HONK!
[21:13:16] SAY: cluwne (NPC) : HONK HONK!
[21:13:37] SAY: Shitty Bill (NPC) : I think my homebros left me here.
[21:13:41] ACCESS: Login: Chase Ann (Powmonkey) [DEAD] from 127.0.0.1
[21:13:55] ADMIN: Chase Ann (Powmonkey) [DEAD] created a /turf/unsimulated/aprilfools/grass
[21:13:59] SAY: Shitty Bill (NPC) : I ever tell you 'bout that time I lost my shovel?
[21:14:00] ADMIN: Chase Ann (Powmonkey) [DEAD] created a /turf/unsimulated/aprilfools/dirt
[21:14:03] ADMIN: Chase Ann (Powmonkey) [DEAD] created a /turf/unsimulated/aprilfools/dirt
[21:14:08] SAY: Shitty Bill (NPC) : Got any kelo?
[21:14:09] ADMIN: Chase Ann (Powmonkey) [DEAD] created a /turf/unsimulated/floor/arctic/snow/lake
[21:14:15] ADMIN: Chase Ann (Powmonkey) [DEAD] created a /turf/unsimulated/floor/arctic/abyss
[21:14:23] ACCESS: Login: Chase Ann (Powmonkey) from 127.0.0.1
[21:14:30] ADMIN: Chase Ann (Powmonkey) healed / revived Chase Ann (Powmonkey)
[21:14:33] ADMIN: Chase Ann (Powmonkey) has toggled their nodamage to On
[21:14:41] SAY: Father Jack (NPC) : ARSE!
[21:15:12] ADMIN: Chase Ann (Powmonkey) played sound Heartache.mid
[21:15:24] SAY: Shitty Bill (NPC) : I think my pals left me here.
[21:15:56] ADMIN: Chase Ann (Powmonkey) granted VOX access to all AIs!
[21:16:05] ADMIN: Chase Ann (Powmonkey) shame-cubed Chase Ann (Powmonkey) at Peculiar Structure (<a href='?src=%admin_ref%;action=jumptocoords;target=62,156,2' title='Jump to Coords'>62,156,2</a>)
[21:16:08] ACCESS: Login: Chase Ann (Powmonkey) [DEAD] from 127.0.0.1
[21:16:15] SAY: Shitty Bill (NPC) : I think my crew set me up.
[21:16:33] ACCESS: Login: living PDA-Chase Ann (Powmonkey) from 127.0.0.1
[21:16:35] ACCESS: Login: Powmonkey [DEAD] from 127.0.0.1
[21:16:40] ACCESS: Login: living black shoes (Powmonkey) from 127.0.0.1
[21:16:40] ACCESS: Login: Powmonkey [DEAD] from 127.0.0.1
[21:16:45] SAY: Shitty Bill (NPC) : Man, I sure miss Sol.
[21:16:53] ADMIN: living black shoes (Powmonkey) [DEAD] played sound DRAME.mid
[21:17:05] ACCESS: Login: living wendigo (Powmonkey) from 127.0.0.1
[21:17:17] ACCESS: Login: Powmonkey [DEAD] from 127.0.0.1
[21:17:41] SAY: Shitty Bill (NPC) : Got any 420?
[21:18:04] SAY: Shitty Bill (NPC) : I ever tell you 'bout what those Nanotrasen dudes are hiding out there?
[21:18:33] ADMIN: living wendigo (Powmonkey) [DEAD] modified Gravitational Singularity Generator's bhole to 0
[21:19:51] ADMIN: living wendigo (Powmonkey) [DEAD] created a /obj/machinery/containment_field
[21:19:58] ADMIN: living wendigo (Powmonkey) [DEAD] created 44ea /obj/machinery/containment_field
[21:20:30] ACCESS: Login: living gravitational singularity (Powmonkey) from 127.0.0.1
[21:20:30] ACCESS: Login: Powmonkey [DEAD] from 127.0.0.1
[21:20:44] SAY: Shitty Bill (NPC) : Hey buddy, gimme yer cats.
[21:21:05] SAY: Shitty Bill (NPC) : You rhyme?
[21:21:05] ADMIN: living gravitational singularity (Powmonkey) [DEAD] created an explosion (power 33, brisance 1) at (<a href='?src=%admin_ref%;action=jumptocoords;target=156,87,1' title='Jump to Coords'>156,87,1</a> in Space).
[21:21:09] ADMIN: living gravitational singularity (Powmonkey) [DEAD] jumped to <a href='?src=%admin_ref%;action=jumptocoords;target=156,87,1' title='Jump to Coords'>156,87,1</a> in Space
[21:21:31] SAY: Shitty Bill (NPC) : I think my pals forgot about me.
[21:21:35] ADMIN: living gravitational singularity (Powmonkey) [DEAD] created a /obj/machinery/the_singularitybomb
[21:21:42] SAY: Shitty Bill (NPC) : You rhyme?
[21:21:43] ACCESS: Login: Chase Ann (Powmonkey) from 127.0.0.1
[21:21:46] ADMIN: Chase Ann (Powmonkey) has toggled their nodamage to On
[21:22:24] SAY: Shitty Bill (NPC) : Hey chump, gimme yer cats.
[21:22:30] ADMIN: Chase Ann (Powmonkey) modified Singularity Bomb's bhole to 0
[21:22:52] SAY: Shitty Bill (NPC) : I ever tell you 'bout that time I met some spooky ghosts?
[21:24:02] ADMIN: Chase Ann (Powmonkey) toggled Death Confetti on
[21:24:04] ADMIN: Chase Ann (Powmonkey) toggled Death Confetti off
[21:24:16] ADMIN: Chase Ann (Powmonkey) showed a fake medal message to everyone: "<span class='medal'>poo</span>"
[21:24:19] SAY: Shitty Bill (NPC) : Man, I sure miss the Rings.
[21:24:23] SAY: Shitty Bill (NPC) : Sup Father Jack.
[21:24:26] ADMIN: Chase Ann (Powmonkey) toggled narrator mode on.
[21:24:28] ADMIN: Chase Ann (Powmonkey) toggled narrator mode off.
[21:24:38] SAY: Father Jack (NPC) : ARSE!
[21:25:53] ADMIN: Chase Ann (Powmonkey) toggled Toggles to 0.
[21:26:02] SAY: Father Jack (NPC) : That would be an ecumenical matter.
[21:26:07] ADMIN: Chase Ann (Powmonkey) toggled Toggles to 1.
[21:26:58] SAY: Shitty Bill (NPC) : Got a light, 'Traser?
[21:27:16] SAY: Shitty Bill (NPC) : I think my bruds sent you.
[21:27:21] SAY: Shitty Bill (NPC) : Nice burner, scrub.
[21:27:52] ACCESS: Login: Chase Ann (Powmonkey) [DEAD] from 127.0.0.1
[21:28:27] SAY: Shitty Bill (NPC) : I think my bros stole my cat.
[21:28:39] SAY: Shitty Bill (NPC) : Hey brud, gimme yer cash.
[21:29:10] SAY: Shitty Bill (NPC) : Nice name, beardo.
[21:29:14] SAY: Shitty Bill (NPC) : Nice threads, owl man.
[21:29:16] GAME: Chase Ann (Powmonkey) [DEAD] used abandon mob.
[21:29:16] ACCESS: Login: Powmonkey [DEAD] from 127.0.0.1
[21:29:16] ACCESS: Login: Powmonkey [DEAD] from 127.0.0.1
[21:29:20] ACCESS: Login: Chase Ann (Powmonkey) from 127.0.0.1
[21:29:29] ACCESS: Login: Chase Ann the Clown (Powmonkey) [DEAD] from 127.0.0.1
[21:29:39] GAME: Chase Ann the Clown (Powmonkey) [DEAD] used abandon mob.
[21:29:39] ACCESS: Login: Powmonkey [DEAD] from 127.0.0.1
[21:29:39] ACCESS: Login: Powmonkey [DEAD] from 127.0.0.1
[21:29:43] ACCESS: Login: Chase Ann (Powmonkey) from 127.0.0.1
[21:30:01] ADMIN: Chase Ann the Clown (Powmonkey) toggled Death Confetti on
[21:30:45] ADMIN: Chase Ann the Clown (Powmonkey) has given Chase Ann the Clown (Powmonkey) the ability to play music and use dectalk.
[21:31:34] SAY: Shitty Bill (NPC) : Dang, it's Father Jack.
[21:31:38] ADMIN: Chase Ann the Clown (Powmonkey) created a /obj/critter/gunbot/drone/heavydrone
[21:31:42] ADMIN: Chase Ann the Clown (Powmonkey) created a /obj/critter/gunbot/drone/heavydrone
[21:31:42] ADMIN: Chase Ann the Clown (Powmonkey) created a /obj/critter/gunbot/drone/heavydrone
[21:31:43] ADMIN: Chase Ann the Clown (Powmonkey) created a /obj/critter/gunbot/drone/heavydrone
